#
# A fatal error has been detected by the Java Runtime Environment:
#
#  EXCEPTION_ACCESS_VIOLATION (0xc0000005) at pc=0x0000000065aa8ad5, pid=12348, tid=6912
#
# JRE version: Java(TM) SE Runtime Environment (8.0_73-b02) (build 1.8.0_73-b02)
# Java VM: Java HotSpot(TM) 64-Bit Server VM (25.73-b02 mixed mode windows-amd64 compressed oops)
# Problematic frame:
# V  [jvm.dll+0x128ad5]
#
# Failed to write core dump. Minidumps are not enabled by default on client versions of Windows
#
# If you would like to submit a bug report, please visit:
#   http://bugreport.java.com/bugreport/crash.jsp
#

---------------  T H R E A D  ---------------

Current thread (0x0000000019fdd800):  JavaThread "JDWP Transport Listener: dt_socket" daemon [_thread_in_vm, id=6912, stack(0x000000001b960000,0x000000001ba60000)]

siginfo: ExceptionCode=0xc0000005, reading address 0x000000003b00003b

Registers:
RAX=0x000000001ba5f301, RBX=0x0000000019fdd800, RCX=0x000000003b00003b, RDX=0x0000000000000000
RSP=0x000000001ba5f330, RBP=0x000000003b00003b, RSI=0x000000001ba5f448, RDI=0x0000000002d086d0
R8 =0x0000000019fdd800, R9 =0x0000000000008000, R10=0x0000000000000000, R11=0x000000001ba5f60f
R12=0x0000000000000000, R13=0x0000000019fe80b8, R14=0x0000000000000000, R15=0x0000000000000000
RIP=0x0000000065aa8ad5, EFLAGS=0x0000000000010202

Top of Stack: (sp=0x000000001ba5f330)
0x000000001ba5f330:   0000000019fdd800 0000000019fdd800
0x000000001ba5f340:   000000001ba5f3f8 0000000065cae34b
0x000000001ba5f350:   0000000019fdd800 0000000065ccabad
0x000000001ba5f360:   0000000000000000 0000000065649155
0x000000001ba5f370:   000000001e139dc0 000000006565291e
0x000000001ba5f380:   0000000019fdd800 0000000000000000
0x000000001ba5f390:   0000000000000000 0000000000000000
0x000000001ba5f3a0:   000000003b00003b 0000000065651a15
0x000000001ba5f3b0:   000000001ba5f448 000000001ba5f420
0x000000001ba5f3c0:   0000000000000001 000000001e139dc0
0x000000001ba5f3d0:   000000003b00003b 00000000656353b3
0x000000001ba5f3e0:   000000001ba5f510 0000000000000001
0x000000001ba5f3f0:   0000000000000001 000000001e139dc0
0x000000001ba5f400:   00000000f000100a 0000000000000000
0x000000001ba5f410:   0000000000000000 0000000000000000
0x000000001ba5f420:   0000000000000001 0000000065635571 

Instructions: (pc=0x0000000065aa8ad5)
0x0000000065aa8ab5:   cc cc cc cc cc cc cc cc cc cc cc 48 83 ec 28 48
0x0000000065aa8ac5:   85 c9 75 07 33 c0 48 83 c4 28 c3 48 89 5c 24 20
0x0000000065aa8ad5:   48 8b 19 48 85 db 74 20 48 83 fb 37 74 1a 48 8b
0x0000000065aa8ae5:   13 48 8b cb ff 52 10 84 c0 74 0d 48 8b c3 48 8b 


Register to memory mapping:

RAX=0x000000001ba5f301 is pointing into the stack for thread: 0x0000000019fdd800
RBX=0x0000000019fdd800 is a thread
RCX=0x000000003b00003b is an unknown value
RDX=0x0000000000000000 is an unknown value
RSP=0x000000001ba5f330 is pointing into the stack for thread: 0x0000000019fdd800
RBP=0x000000003b00003b is an unknown value
RSI=0x000000001ba5f448 is pointing into the stack for thread: 0x0000000019fdd800
RDI=0x0000000002d086d0 is an unknown value
R8 =0x0000000019fdd800 is a thread
R9 =0x0000000000008000 is an unknown value
R10=0x0000000000000000 is an unknown value
R11=0x000000001ba5f60f is pointing into the stack for thread: 0x0000000019fdd800
R12=0x0000000000000000 is an unknown value
R13=0x0000000019fe80b8 is an unknown value
R14=0x0000000000000000 is an unknown value
R15=0x0000000000000000 is an unknown value


Stack: [0x000000001b960000,0x000000001ba60000],  sp=0x000000001ba5f330,  free space=1020k
Native frames: (J=compiled Java code, j=interpreted, Vv=VM code, C=native code)
V  [jvm.dll+0x128ad5]
V  [jvm.dll+0x34abad]
C  [jdwp.dll+0x21a15]
C  [jdwp.dll+0x53b3]
C  [jdwp.dll+0x5571]
C  [jdwp.dll+0xf0a8]
C  [jdwp.dll+0x1f2d5]
C  [jdwp.dll+0x1f4aa]
V  [jvm.dll+0x1bbb58]
V  [jvm.dll+0x243234]
V  [jvm.dll+0x29a10a]
C  [msvcr100.dll+0x21d9f]
C  [msvcr100.dll+0x21e3b]
C  [KERNEL32.DLL+0x13034]
C  [ntdll.dll+0x73691]


---------------  P R O C E S S  ---------------

Java Threads: ( => current thread )
  0x0000000020cc2800 JavaThread "RMI TCP Connection(idle)" daemon [_thread_blocked, id=3484, stack(0x0000000023540000,0x0000000023640000)]
  0x0000000020cbd800 JavaThread "DestroyJavaVM" [_thread_blocked, id=7044, stack(0x0000000002d10000,0x0000000002e10000)]
  0x0000000020cbe000 JavaThread "http-nio-8090-AsyncTimeout" daemon [_thread_blocked, id=2180, stack(0x0000000023040000,0x0000000023140000)]
  0x0000000020cc2000 JavaThread "http-nio-8090-Acceptor-0" daemon [_thread_in_native, id=1048, stack(0x0000000022f40000,0x0000000023040000)]
  0x0000000020cc1000 JavaThread "http-nio-8090-ClientPoller-1" daemon [_thread_in_native, id=9504, stack(0x0000000022e40000,0x0000000022f40000)]
  0x0000000020cbc800 JavaThread "http-nio-8090-ClientPoller-0" daemon [_thread_in_native, id=3276, stack(0x0000000022d40000,0x0000000022e40000)]
  0x0000000020cc0800 JavaThread "http-nio-8090-exec-10" daemon [_thread_blocked, id=13276, stack(0x0000000022c40000,0x0000000022d40000)]
  0x0000000020cbf800 JavaThread "http-nio-8090-exec-9" daemon [_thread_blocked, id=11540, stack(0x0000000022b40000,0x0000000022c40000)]
  0x0000000020cbf000 JavaThread "http-nio-8090-exec-8" daemon [_thread_blocked, id=364, stack(0x0000000022a40000,0x0000000022b40000)]
  0x0000000020cbc000 JavaThread "http-nio-8090-exec-7" daemon [_thread_blocked, id=8256, stack(0x0000000022940000,0x0000000022a40000)]
  0x000000001ea20000 JavaThread "http-nio-8090-exec-6" daemon [_thread_blocked, id=12892, stack(0x0000000022840000,0x0000000022940000)]
  0x000000001ea1f800 JavaThread "http-nio-8090-exec-5" daemon [_thread_blocked, id=3888, stack(0x0000000022740000,0x0000000022840000)]
  0x000000001ea1e800 JavaThread "http-nio-8090-exec-4" daemon [_thread_blocked, id=5988, stack(0x0000000022640000,0x0000000022740000)]
  0x000000001ea1e000 JavaThread "http-nio-8090-exec-3" daemon [_thread_blocked, id=7016, stack(0x0000000022540000,0x0000000022640000)]
  0x000000001ea23000 JavaThread "http-nio-8090-exec-2" daemon [_thread_blocked, id=11256, stack(0x0000000022440000,0x0000000022540000)]
  0x000000001ea22800 JavaThread "http-nio-8090-exec-1" daemon [_thread_blocked, id=6512, stack(0x0000000022340000,0x0000000022440000)]
  0x000000001ea21800 JavaThread "NioBlockingSelector.BlockPoller-1" daemon [_thread_in_native, id=3076, stack(0x0000000022240000,0x0000000022340000)]
  0x000000001ea1c800 JavaThread "HikariPool-1 housekeeper" daemon [_thread_blocked, id=12940, stack(0x0000000020270000,0x0000000020370000)]
  0x000000001e8f3800 JavaThread "Abandoned connection cleanup thread" daemon [_thread_blocked, id=5280, stack(0x000000001fe70000,0x000000001ff70000)]
  0x000000001e862000 JavaThread "container-0" [_thread_blocked, id=8296, stack(0x000000001fd70000,0x000000001fe70000)]
  0x000000001e8d4800 JavaThread "ContainerBackgroundProcessor[StandardEngine[Tomcat]]" daemon [_thread_blocked, id=552, stack(0x000000001fc70000,0x000000001fd70000)]
  0x000000001ca2d800 JavaThread "JMX server connection timeout 21" daemon [_thread_blocked, id=5008, stack(0x000000001d9a0000,0x000000001daa0000)]
  0x000000001ca1c000 JavaThread "RMI Scheduler(0)" daemon [_thread_blocked, id=12660, stack(0x000000001d7a0000,0x000000001d8a0000)]
  0x000000001c68e800 JavaThread "RMI TCP Accept-0" daemon [_thread_in_native, id=11836, stack(0x000000001ce60000,0x000000001cf60000)]
  0x000000001c628800 JavaThread "RMI TCP Accept-58391" daemon [_thread_in_native, id=5512, stack(0x000000001cd60000,0x000000001ce60000)]
  0x000000001c66e800 JavaThread "RMI TCP Accept-0" daemon [_thread_in_native, id=14528, stack(0x000000001cc60000,0x000000001cd60000)]
  0x000000001bfad800 JavaThread "Service Thread" daemon [_thread_blocked, id=15296, stack(0x000000001c360000,0x000000001c460000)]
  0x000000001a027000 JavaThread "C1 CompilerThread2" daemon [_thread_blocked, id=5912, stack(0x000000001be60000,0x000000001bf60000)]
  0x000000001a001000 JavaThread "C2 CompilerThread1" daemon [_thread_blocked, id=1284, stack(0x000000001bd60000,0x000000001be60000)]
  0x0000000019fff000 JavaThread "C2 CompilerThread0" daemon [_thread_blocked, id=13948, stack(0x000000001bc60000,0x000000001bd60000)]
  0x0000000019ff1000 JavaThread "JDWP Command Reader" daemon [_thread_in_native, id=3992, stack(0x000000001bb60000,0x000000001bc60000)]
  0x0000000019feb800 JavaThread "JDWP Event Helper Thread" daemon [_thread_blocked, id=13772, stack(0x000000001ba60000,0x000000001bb60000)]
=>0x0000000019fdd800 JavaThread "JDWP Transport Listener: dt_socket" daemon [_thread_in_vm, id=6912, stack(0x000000001b960000,0x000000001ba60000)]
  0x0000000019fd4000 JavaThread "Attach Listener" daemon [_thread_blocked, id=7904, stack(0x000000001b520000,0x000000001b620000)]
  0x0000000019fd2800 JavaThread "Signal Dispatcher" daemon [_thread_blocked, id=2980, stack(0x000000001b420000,0x000000001b520000)]
  0x0000000019f99000 JavaThread "Finalizer" daemon [_thread_blocked, id=14464, stack(0x000000001b230000,0x000000001b330000)]
  0x0000000002f04800 JavaThread "Reference Handler" daemon [_thread_blocked, id=1236, stack(0x000000001b130000,0x000000001b230000)]

Other Threads:
  0x0000000019f97000 VMThread [stack: 0x000000001b030000,0x000000001b130000] [id=5160]
  0x000000001c694800 WatcherThread [stack: 0x000000001cf60000,0x000000001d060000] [id=10644]

VM state:not at safepoint (normal execution)

VM Mutex/Monitor currently owned by a thread: None

Heap:
 PSYoungGen      total 196608K, used 29111K [0x0000000780980000, 0x000000078f400000, 0x00000007c0000000)
  eden space 181248K, 7% used [0x0000000780980000,0x00000007816f15e0,0x000000078ba80000)
  from space 15360K, 99% used [0x000000078ba80000,0x000000078c97c708,0x000000078c980000)
  to   space 17920K, 0% used [0x000000078e280000,0x000000078e280000,0x000000078f400000)
 ParOldGen       total 129536K, used 21550K [0x0000000701c00000, 0x0000000709a80000, 0x0000000780980000)
  object space 129536K, 16% used [0x0000000701c00000,0x000000070310baa0,0x0000000709a80000)
 Metaspace       used 54821K, capacity 57613K, committed 57856K, reserved 1099776K
  class space    used 7643K, capacity 8125K, committed 8192K, reserved 1048576K

Card table byte_map: [0x00000000122d0000,0x00000000128d0000] byte_map_base: 0x000000000eac2000

Marking Bits: (ParMarkBitMap*) 0x0000000066190600
 Begin Bits: [0x00000000130d0000, 0x0000000016060000)
 End Bits:   [0x0000000016060000, 0x0000000018ff0000)

Polling page: 0x00000000011f0000

CodeCache: size=245760Kb used=8770Kb max_used=8778Kb free=236989Kb
 bounds [0x0000000002f10000, 0x00000000037b0000, 0x0000000011f10000]
 total_blobs=4871 nmethods=4325 adapters=465
 compilation: enabled

Compilation events (10 events):
Event: 344.254 Thread 0x000000001a027000 4396       1       org.apache.catalina.webresources.Cache$EvictionOrder::compare (13 bytes)
Event: 344.255 Thread 0x000000001a027000 nmethod 4396 0x0000000003379690 code [0x0000000003379800, 0x00000000033799f0]
Event: 344.255 Thread 0x000000001a027000 4397       1       org.apache.catalina.webresources.Cache$EvictionOrder::compare (31 bytes)
Event: 344.255 Thread 0x000000001a027000 nmethod 4397 0x0000000003379310 code [0x0000000003379460, 0x00000000033795d0]
Event: 361.683 Thread 0x000000001a027000 4398       1       java.lang.StringBuilder::append (8 bytes)
Event: 361.684 Thread 0x000000001a027000 nmethod 4398 0x0000000003379010 code [0x0000000003379160, 0x00000000033792a8]
Event: 361.684 Thread 0x000000001a027000 4399       1       java.lang.AbstractStringBuilder::append (70 bytes)
Event: 361.684 Thread 0x000000001a027000 nmethod 4399 0x0000000003378a90 code [0x0000000003378c20, 0x0000000003378e88]
Event: 374.286 Thread 0x000000001a027000 4400       1       org.apache.catalina.valves.ValveBase::backgroundProcess (1 bytes)
Event: 374.286 Thread 0x000000001a027000 nmethod 4400 0x00000000033787d0 code [0x0000000003378920, 0x0000000003378a30]

GC Heap History (10 events):
Event: 3.914 GC heap before
{Heap before GC invocations=7 (full 1):
 PSYoungGen      total 102912K, used 101924K [0x0000000780980000, 0x0000000789180000, 0x00000007c0000000)
  eden space 94720K, 99% used [0x0000000780980000,0x00000007865fa510,0x0000000786600000)
  from space 8192K, 88% used [0x0000000786600000,0x0000000786d0ec38,0x0000000786e00000)
  to   space 9216K, 0% used [0x0000000788880000,0x0000000788880000,0x0000000789180000)
 ParOldGen       total 77312K, used 7782K [0x0000000701c00000, 0x0000000706780000, 0x0000000780980000)
  object space 77312K, 10% used [0x0000000701c00000,0x00000007023999a8,0x0000000706780000)
 Metaspace       used 29891K, capacity 31439K, committed 31616K, reserved 1077248K
  class space    used 4098K, capacity 4401K, committed 4480K, reserved 1048576K
Event: 3.932 GC heap after
Heap after GC invocations=7 (full 1):
 PSYoungGen      total 125952K, used 9184K [0x0000000780980000, 0x000000078b380000, 0x00000007c0000000)
  eden space 116736K, 0% used [0x0000000780980000,0x0000000780980000,0x0000000787b80000)
  from space 9216K, 99% used [0x0000000788880000,0x00000007891783e0,0x0000000789180000)
  to   space 13312K, 0% used [0x0000000787b80000,0x0000000787b80000,0x0000000788880000)
 ParOldGen       total 77312K, used 12969K [0x0000000701c00000, 0x0000000706780000, 0x0000000780980000)
  object space 77312K, 16% used [0x0000000701c00000,0x00000007028aa628,0x0000000706780000)
 Metaspace       used 29891K, capacity 31439K, committed 31616K, reserved 1077248K
  class space    used 4098K, capacity 4401K, committed 4480K, reserved 1048576K
}
Event: 4.423 GC heap before
{Heap before GC invocations=8 (full 1):
 PSYoungGen      total 125952K, used 54331K [0x0000000780980000, 0x000000078b380000, 0x00000007c0000000)
  eden space 116736K, 38% used [0x0000000780980000,0x0000000783596a90,0x0000000787b80000)
  from space 9216K, 99% used [0x0000000788880000,0x00000007891783e0,0x0000000789180000)
  to   space 13312K, 0% used [0x0000000787b80000,0x0000000787b80000,0x0000000788880000)
 ParOldGen       total 77312K, used 12969K [0x0000000701c00000, 0x0000000706780000, 0x0000000780980000)
  object space 77312K, 16% used [0x0000000701c00000,0x00000007028aa628,0x0000000706780000)
 Metaspace       used 33843K, capacity 35431K, committed 35496K, reserved 1079296K
  class space    used 4510K, capacity 4833K, committed 4864K, reserved 1048576K
Event: 4.442 GC heap after
Heap after GC invocations=8 (full 1):
 PSYoungGen      total 130048K, used 13301K [0x0000000780980000, 0x000000078dd00000, 0x00000007c0000000)
  eden space 116736K, 0% used [0x0000000780980000,0x0000000780980000,0x0000000787b80000)
  from space 13312K, 99% used [0x0000000787b80000,0x000000078887d6d8,0x0000000788880000)
  to   space 15360K, 0% used [0x000000078ce00000,0x000000078ce00000,0x000000078dd00000)
 ParOldGen       total 77312K, used 13301K [0x0000000701c00000, 0x0000000706780000, 0x0000000780980000)
  object space 77312K, 17% used [0x0000000701c00000,0x00000007028fd650,0x0000000706780000)
 Metaspace       used 33843K, capacity 35431K, committed 35496K, reserved 1079296K
  class space    used 4510K, capacity 4833K, committed 4864K, reserved 1048576K
}
Event: 4.442 GC heap before
{Heap before GC invocations=9 (full 2):
 PSYoungGen      total 130048K, used 13301K [0x0000000780980000, 0x000000078dd00000, 0x00000007c0000000)
  eden space 116736K, 0% used [0x0000000780980000,0x0000000780980000,0x0000000787b80000)
  from space 13312K, 99% used [0x0000000787b80000,0x000000078887d6d8,0x0000000788880000)
  to   space 15360K, 0% used [0x000000078ce00000,0x000000078ce00000,0x000000078dd00000)
 ParOldGen       total 77312K, used 13301K [0x0000000701c00000, 0x0000000706780000, 0x0000000780980000)
  object space 77312K, 17% used [0x0000000701c00000,0x00000007028fd650,0x0000000706780000)
 Metaspace       used 33843K, capacity 35431K, committed 35496K, reserved 1079296K
  class space    used 4510K, capacity 4833K, committed 4864K, reserved 1048576K
Event: 4.537 GC heap after
Heap after GC invocations=9 (full 2):
 PSYoungGen      total 130048K, used 0K [0x0000000780980000, 0x000000078dd00000, 0x00000007c0000000)
  eden space 116736K, 0% used [0x0000000780980000,0x0000000780980000,0x0000000787b80000)
  from space 13312K, 0% used [0x0000000787b80000,0x0000000787b80000,0x0000000788880000)
  to   space 15360K, 0% used [0x000000078ce00000,0x000000078ce00000,0x000000078dd00000)
 ParOldGen       total 129536K, used 20612K [0x0000000701c00000, 0x0000000709a80000, 0x0000000780980000)
  object space 129536K, 15% used [0x0000000701c00000,0x00000007030212a8,0x0000000709a80000)
 Metaspace       used 33843K, capacity 35431K, committed 35496K, reserved 1079296K
  class space    used 4510K, capacity 4833K, committed 4864K, reserved 1048576K
}
Event: 5.632 GC heap before
{Heap before GC invocations=10 (full 2):
 PSYoungGen      total 130048K, used 116736K [0x0000000780980000, 0x000000078dd00000, 0x00000007c0000000)
  eden space 116736K, 100% used [0x0000000780980000,0x0000000787b80000,0x0000000787b80000)
  from space 13312K, 0% used [0x0000000787b80000,0x0000000787b80000,0x0000000788880000)
  to   space 15360K, 0% used [0x000000078ce00000,0x000000078ce00000,0x000000078dd00000)
 ParOldGen       total 129536K, used 20612K [0x0000000701c00000, 0x0000000709a80000, 0x0000000780980000)
  object space 129536K, 15% used [0x0000000701c00000,0x00000007030212a8,0x0000000709a80000)
 Metaspace       used 42929K, capacity 44731K, committed 45056K, reserved 1087488K
  class space    used 6018K, capacity 6379K, committed 6400K, reserved 1048576K
Event: 5.647 GC heap after
Heap after GC invocations=10 (full 2):
 PSYoungGen      total 178176K, used 10448K [0x0000000780980000, 0x000000078d880000, 0x00000007c0000000)
  eden space 167424K, 0% used [0x0000000780980000,0x0000000780980000,0x000000078ad00000)
  from space 10752K, 97% used [0x000000078ce00000,0x000000078d834330,0x000000078d880000)
  to   space 15360K, 0% used [0x000000078ba80000,0x000000078ba80000,0x000000078c980000)
 ParOldGen       total 129536K, used 20620K [0x0000000701c00000, 0x0000000709a80000, 0x0000000780980000)
  object space 129536K, 15% used [0x0000000701c00000,0x00000007030232a8,0x0000000709a80000)
 Metaspace       used 42929K, capacity 44731K, committed 45056K, reserved 1087488K
  class space    used 6018K, capacity 6379K, committed 6400K, reserved 1048576K
}
Event: 83.046 GC heap before
{Heap before GC invocations=11 (full 2):
 PSYoungGen      total 178176K, used 177872K [0x0000000780980000, 0x000000078d880000, 0x00000007c0000000)
  eden space 167424K, 100% used [0x0000000780980000,0x000000078ad00000,0x000000078ad00000)
  from space 10752K, 97% used [0x000000078ce00000,0x000000078d834330,0x000000078d880000)
  to   space 15360K, 0% used [0x000000078ba80000,0x000000078ba80000,0x000000078c980000)
 ParOldGen       total 129536K, used 20620K [0x0000000701c00000, 0x0000000709a80000, 0x0000000780980000)
  object space 129536K, 15% used [0x0000000701c00000,0x00000007030232a8,0x0000000709a80000)
 Metaspace       used 54350K, capacity 57079K, committed 57344K, reserved 1097728K
  class space    used 7581K, capacity 8082K, committed 8192K, reserved 1048576K
Event: 83.070 GC heap after
Heap after GC invocations=11 (full 2):
 PSYoungGen      total 196608K, used 15345K [0x0000000780980000, 0x000000078f400000, 0x00000007c0000000)
  eden space 181248K, 0% used [0x0000000780980000,0x0000000780980000,0x000000078ba80000)
  from space 15360K, 99% used [0x000000078ba80000,0x000000078c97c708,0x000000078c980000)
  to   space 17920K, 0% used [0x000000078e280000,0x000000078e280000,0x000000078f400000)
 ParOldGen       total 129536K, used 21550K [0x0000000701c00000, 0x0000000709a80000, 0x0000000780980000)
  object space 129536K, 16% used [0x0000000701c00000,0x000000070310baa0,0x0000000709a80000)
 Metaspace       used 54350K, capacity 57079K, committed 57344K, reserved 1097728K
  class space    used 7581K, capacity 8082K, committed 8192K, reserved 1048576K
}

Deoptimization events (0 events):
No events

Internal exceptions (10 events):
Event: 45.099 Thread 0x000000001ea23000 Exception <a 'java/lang/ClassNotFoundException': com/hari/serviceapp/signup/repository/UserAddressCustomizer> (0x000000078a05f478) thrown at [D:\re\puppet\workspace\8-2-build-windows-amd64-cygwin\jdk8u73\6086\hotspot\src\share\vm\classfile\systemDictionary‹à>"dH@
Event: 48.782 Thread 0x000000001ea23000 Exception <a 'java/lang/ArrayIndexOutOfBoundsException'> (0x000000078a1a5eb8) thrown at [D:\re\puppet\workspace\8-2-build-windows-amd64-cygwin\jdk8u73\6086\hotspot\src\share\vm\runtime\sharedRuntime.cpp, line 605]
Event: 48.785 Thread 0x000000001ea23000 Exception <a 'java/lang/ArrayIndexOutOfBoundsException'> (0x000000078a1b3160) thrown at [D:\re\puppet\workspace\8-2-build-windows-amd64-cygwin\jdk8u73\6086\hotspot\src\share\vm\runtime\sharedRuntime.cpp, line 605]
Event: 48.812 Thread 0x000000001ea23000 Exception <a 'java/lang/ArrayIndexOutOfBoundsException'> (0x000000078a237c30) thrown at [D:\re\puppet\workspace\8-2-build-windows-amd64-cygwin\jdk8u73\6086\hotspot\src\share\vm\runtime\sharedRuntime.cpp, line 605]
Event: 48.812 Thread 0x000000001ea23000 Exception <a 'java/lang/ArrayIndexOutOfBoundsException'> (0x000000078a238ba8) thrown at [D:\re\puppet\workspace\8-2-build-windows-amd64-cygwin\jdk8u73\6086\hotspot\src\share\vm\runtime\sharedRuntime.cpp, line 605]
Event: 48.844 Thread 0x000000001ea23000 Exception <a 'java/lang/ArrayIndexOutOfBoundsException'> (0x000000078a2ea198) thrown at [D:\re\puppet\workspace\8-2-build-windows-amd64-cygwin\jdk8u73\6086\hotspot\src\share\vm\runtime\sharedRuntime.cpp, line 605]
Event: 48.844 Thread 0x000000001ea23000 Exception <a 'java/lang/ArrayIndexOutOfBoundsException'> (0x000000078a2ec0c0) thrown at [D:\re\puppet\workspace\8-2-build-windows-amd64-cygwin\jdk8u73\6086\hotspot\src\share\vm\runtime\sharedRuntime.cpp, line 605]
Event: 80.712 Thread 0x000000001ea1e800 Exception <a 'java/lang/ArrayIndexOutOfBoundsException': 183> (0x000000078a3fd588) thrown at [D:\re\puppet\workspace\8-2-build-windows-amd64-cygwin\jdk8u73\6086\hotspot\src\share\vm\interpreter\interpreterRuntime.cpp, line 366]
Event: 111.347 Thread 0x000000001ea1e800 Exception <a 'java/lang/NoSuchMethodError': java.lang.Object.lambda$mapIfAllPresent$6(Ljava/util/Optional;Ljava/util/function/BiFunction;Ljava/lang/Object;)Ljava/util/Optional;> (0x0000000780f7e810) thrown at [D:\re\puppet\workspace\8-2-build-windows-amd64©]èÍÖ[@
Event: 111.356 Thread 0x000000001ea1e800 Exception <a 'java/lang/NoSuchMethodError': java.lang.Object.lambda$null$5(Ljava/util/function/BiFunction;Ljava/lang/Object;Ljava/lang/Object;)Ljava/lang/Object;> (0x0000000780f83080) thrown at [D:\re\puppet\workspace\8-2-build-windows-amd64-cygwin\jdk8u73Je-ó¡ŒF@

Events (10 events):
Event: 138.448 Executing VM operation: RevokeBias
Event: 138.448 Executing VM operation: RevokeBias done
Event: 198.697 loading class java/net/SocketTimeoutException
Event: 198.698 loading class java/io/InterruptedIOException
Event: 198.698 loading class java/io/InterruptedIOException done
Event: 198.698 loading class java/net/SocketTimeoutException done
Event: 198.698 Executing VM operation: RevokeBias
Event: 198.699 Executing VM operation: RevokeBias done
Event: 418.406 Executing VM operation: RedefineClasses
Event: 418.450 Executing VM operation: RedefineClasses done


Dynamic libraries:
0x00007ff6d4fb0000 - 0x00007ff6d4fe7000 	C:\programs\Java\jre1.8.0_73\bin\javaw.exe
0x00007ffa0b610000 - 0x00007ffa0b7f1000 	C:\WINDOWS\SYSTEM32\ntdll.dll
0x00007ffa09530000 - 0x00007ffa095e2000 	C:\WINDOWS\System32\KERNEL32.DLL
0x00007ffa07c50000 - 0x00007ffa07ec3000 	C:\WINDOWS\System32\KERNELBASE.dll
0x00007ffa095f0000 - 0x00007ffa09691000 	C:\WINDOWS\System32\ADVAPI32.dll
0x00007ffa096c0000 - 0x00007ffa0975e000 	C:\WINDOWS\System32\msvcrt.dll
0x00007ffa0b580000 - 0x00007ffa0b5db000 	C:\WINDOWS\System32\sechost.dll
0x00007ffa09760000 - 0x00007ffa09884000 	C:\WINDOWS\System32\RPCRT4.dll
0x00007ffa0af30000 - 0x00007ffa0b0c0000 	C:\WINDOWS\System32\USER32.dll
0x00007ffa07a40000 - 0x00007ffa07a60000 	C:\WINDOWS\System32\win32u.dll
0x00007ffa094d0000 - 0x00007ffa094f8000 	C:\WINDOWS\System32\GDI32.dll
0x00007ffa08050000 - 0x00007ffa081e2000 	C:\WINDOWS\System32\gdi32full.dll
0x00007ffa08a00000 - 0x00007ffa08a9f000 	C:\WINDOWS\System32\msvcp_win.dll
0x00007ffa07f50000 - 0x00007ffa0804a000 	C:\WINDOWS\System32\ucrtbase.dll
0x00007ff9f8410000 - 0x00007ff9f8679000 	C:\WINDOWS\WinSxS\amd64_microsoft.windows.common-controls_6595b64144ccf1df_6.0.17134.472_none_fb3f9af53068156d\COMCTL32.dll
0x00007ffa08ef0000 - 0x00007ffa09212000 	C:\WINDOWS\System32\combase.dll
0x00007ffa07ed0000 - 0x00007ffa07f4a000 	C:\WINDOWS\System32\bcryptPrimitives.dll
0x00007ffa09500000 - 0x00007ffa0952d000 	C:\WINDOWS\System32\IMM32.DLL
0x0000000065670000 - 0x0000000065742000 	C:\programs\Java\jre1.8.0_73\bin\msvcr100.dll
0x0000000065980000 - 0x0000000066210000 	C:\programs\Java\jre1.8.0_73\bin\server\jvm.dll
0x00007ffa093d0000 - 0x00007ffa093d8000 	C:\WINDOWS\System32\PSAPI.DLL
0x00007ffa04290000 - 0x00007ffa04299000 	C:\WINDOWS\SYSTEM32\WSOCK32.dll
0x00007ffa054b0000 - 0x00007ffa054d3000 	C:\WINDOWS\SYSTEM32\WINMM.dll
0x00007ff9fea70000 - 0x00007ff9fea7a000 	C:\WINDOWS\SYSTEM32\VERSION.dll
0x00007ffa0b350000 - 0x00007ffa0b3bc000 	C:\WINDOWS\System32\WS2_32.dll
0x00007ffa05480000 - 0x00007ffa054aa000 	C:\WINDOWS\SYSTEM32\winmmbase.dll
0x00007ffa08900000 - 0x00007ffa08949000 	C:\WINDOWS\System32\cfgmgr32.dll
0x0000000065890000 - 0x000000006589f000 	C:\programs\Java\jre1.8.0_73\bin\verify.dll
0x0000000065860000 - 0x0000000065889000 	C:\programs\Java\jre1.8.0_73\bin\java.dll
0x0000000065630000 - 0x0000000065665000 	C:\programs\Java\jre1.8.0_73\bin\jdwp.dll
0x0000000065620000 - 0x0000000065628000 	C:\programs\Java\jre1.8.0_73\bin\npt.dll
0x0000000065840000 - 0x0000000065856000 	C:\programs\Java\jre1.8.0_73\bin\zip.dll
0x00007ffa09890000 - 0x00007ffa0acd0000 	C:\WINDOWS\System32\SHELL32.dll
0x00007ffa09320000 - 0x00007ffa093c9000 	C:\WINDOWS\System32\shcore.dll
0x00007ffa081f0000 - 0x00007ffa088fd000 	C:\WINDOWS\System32\windows.storage.dll
0x00007ffa092c0000 - 0x00007ffa09311000 	C:\WINDOWS\System32\shlwapi.dll
0x00007ffa079c0000 - 0x00007ffa079d1000 	C:\WINDOWS\System32\kernel.appcore.dll
0x00007ffa079a0000 - 0x00007ffa079bf000 	C:\WINDOWS\System32\profapi.dll
0x00007ffa07920000 - 0x00007ffa0796c000 	C:\WINDOWS\System32\powrprof.dll
0x00007ffa07970000 - 0x00007ffa0797a000 	C:\WINDOWS\System32\FLTLIB.DLL
0x0000000065610000 - 0x0000000065619000 	C:\programs\Java\jre1.8.0_73\bin\dt_socket.dll
0x00007ff9f8d80000 - 0x00007ff9f8d96000 	C:\WINDOWS\system32\napinsp.dll
0x00007ff9f8d60000 - 0x00007ff9f8d7a000 	C:\WINDOWS\system32\pnrpnsp.dll
0x00007ffa041f0000 - 0x00007ffa04209000 	C:\WINDOWS\system32\NLAapi.dll
0x00007ffa07140000 - 0x00007ffa071a6000 	C:\WINDOWS\System32\mswsock.dll
0x00007ffa06f00000 - 0x00007ffa06fbe000 	C:\WINDOWS\SYSTEM32\DNSAPI.dll
0x00007ffa0b0c0000 - 0x00007ffa0b0c8000 	C:\WINDOWS\System32\NSI.dll
0x00007ffa06ec0000 - 0x00007ffa06ef8000 	C:\WINDOWS\SYSTEM32\IPHLPAPI.DLL
0x00007ff9f8d50000 - 0x00007ff9f8d5e000 	C:\WINDOWS\System32\winrnr.dll
0x00007ff9fefe0000 - 0x00007ff9feff5000 	C:\WINDOWS\System32\wshbth.dll
0x00007ff9fb310000 - 0x00007ff9fb382000 	C:\WINDOWS\System32\fwpuclnt.dll
0x00007ffa07420000 - 0x00007ffa07445000 	C:\WINDOWS\SYSTEM32\bcrypt.dll
0x00007ff9fea50000 - 0x00007ff9fea5a000 	C:\Windows\System32\rasadhlp.dll
0x00000000657c0000 - 0x00000000657cd000 	C:\programs\Java\jre1.8.0_73\bin\management.dll
0x0000000065820000 - 0x000000006583a000 	C:\programs\Java\jre1.8.0_73\bin\net.dll
0x0000000065800000 - 0x0000000065811000 	C:\programs\Java\jre1.8.0_73\bin\nio.dll
0x00007ffa072f0000 - 0x00007ffa07307000 	C:\WINDOWS\SYSTEM32\CRYPTSP.dll
0x00007ffa06d20000 - 0x00007ffa06d53000 	C:\WINDOWS\system32\rsaenh.dll
0x00007ffa07820000 - 0x00007ffa07848000 	C:\WINDOWS\SYSTEM32\USERENV.dll
0x00007ffa07310000 - 0x00007ffa0731b000 	C:\WINDOWS\SYSTEM32\CRYPTBASE.dll
0x00007ff9fe640000 - 0x00007ff9fe656000 	C:\WINDOWS\SYSTEM32\dhcpcsvc6.DLL
0x00007ff9fe9a0000 - 0x00007ff9fe9ba000 	C:\WINDOWS\SYSTEM32\dhcpcsvc.DLL
0x00007ff9f4300000 - 0x00007ff9f44c9000 	C:\WINDOWS\SYSTEM32\dbghelp.dll

VM Arguments:
jvm_args: -agentlib:jdwp=transport=dt_socket,suspend=y,address=localhost:58392 -Dcom.sun.management.jmxremote -Dcom.sun.management.jmxremote.port=58391 -Dcom.sun.management.jmxremote.authenticate=false -Dcom.sun.management.jmxremote.ssl=false -Djava.rmi.server.hostname=localhost -Dspring.liveBeansView.mbeanDomain -Dspring.application.admin.enabled=true -Xverify:none -XX:TieredStopAtLevel=1 -Dfile.encoding=UTF-8 
java_command: com.hari.serviceapp.ServiceAppApplication
java_class_path (initial): C:\programs\Java\jre1.8.0_73\lib\resources.jar;C:\programs\Java\jre1.8.0_73\lib\rt.jar;C:\programs\Java\jre1.8.0_73\lib\jsse.jar;C:\programs\Java\jre1.8.0_73\lib\jce.jar;C:\programs\Java\jre1.8.0_73\lib\charsets.jar;C:\programs\Java\jre1.8.0_73\lib\jfr.jar;C:\programs\Java\jre1.8.0_73\lib\ext\access-bridge-64.jar;C:\programs\Java\jre1.8.0_73\lib\ext\cldrdata.jar;C:\programs\Java\jre1.8.0_73\lib\ext\dnsns.jar;C:\programs\Java\jre1.8.0_73\lib\ext\jaccess.jar;C:\programs\Java\jre1.8.0_73\lib\ext\jfxrt.jar;C:\programs\Java\jre1.8.0_73\lib\ext\localedata.jar;C:\programs\Java\jre1.8.0_73\lib\ext\nashorn.jar;C:\programs\Java\jre1.8.0_73\lib\ext\sunec.jar;C:\programs\Java\jre1.8.0_73\lib\ext\sunjce_provider.jar;C:\programs\Java\jre1.8.0_73\lib\ext\sunmscapi.jar;C:\programs\Java\jre1.8.0_73\lib\ext\sunpkcs11.jar;C:\programs\Java\jre1.8.0_73\lib\ext\zipfs.jar;C:\ServiceGaint\workspace\ServiceApp\target\classes;C:\Users\Haribabu\.m2\repository\org\apache\commons\commons-lang3\3.8.1\commons-lang3-3.8.1.jar;C:\Users\Haribabu\.m2\repository\org\springframework\boot\spring-boot-starter-jersey\2.1.1.RELEASE\spring-boot-starter-jersey-2.1.1.RELEASE.jar;C:\Users\Haribabu\.m2\repository\org\springframework\boot\spring-boot-starter-json\2.1.1.RELEASE\spring-boot-starter-json-2.1.1.RELEASE.jar;C:\Users\Haribabu\.m2\repository\com\fasterxml\jackson\core\jackson-databind\2.9.7\jackson-databind-2.9.7.jar;C:\Users\Haribabu\.m2\repository\com\fasterxml\jackson\core\jackson-core\2.9.7\jackson-core-2.9.7.jar;C:\Users\Haribabu\.m2\repository\com\fasterxml\jackson\datatype\jackson-datatype-jdk8\2.9.7\jackson-datatype-jdk8-2.9.7.jar;C:\Users\Haribabu\.m2\repository\com\fasterxml\jackson\datatype\jackson-datatype-jsr310\2.9.7\jackson-datatype-jsr310-2.9.7.jar;C:\Users\Haribabu\.m2\repository\com\fasterxml\jackson\module\jackson-module-parameter-names\2.9.7\jackson-module-parameter-names-2.9.7.jar;C:\Users\Haribabu\.m2\repository\org\springframework\boot\spring-boot-sta
Launcher Type: SUN_STANDARD

Environment Variables:
JAVA_HOME=C:\programs\Java\jdk1.8.0_73
JRE_HOME=C:\programs\Java\jre1.8.0_73
CLASSPATH=C:\programs\Java\jre1.8.0_73\lib;C:\Hari\opencv3.4\opencv\lib
PATH=C:/programs/Java/jre1.8.0_73/bin/server;C:/programs/Java/jre1.8.0_73/bin;C:/programs/Java/jre1.8.0_73/lib/amd64;C:\ProgramData\Oracle\Java\javapath;C:\WINDOWS\system32;C:\WINDOWS;C:\WINDOWS\System32\Wbem;C:\WINDOWS\System32\WindowsPowerShell\v1.0\;C:\programs\Java\jdk1.8.0_73\bin;C:\Hari\Softwares\apache-maven-3.3.9\bin;C:\ATG\ATG9.4\MySQL\win32\bin;C:\WINDOWS\System32\OpenSSH\;C:\Users\Haribabu\AppData\Local\Microsoft\WindowsApps;C:\Hari\opencv3.4\opencv\build\x64\vc14\bin;C:\Hari\opencv3.4\opencv\build\java\x64;C:\Hari\opencv3.4\opencv\build\bin;;C:\Software\Spring\eclipse\jee-oxygen2\eclipse;
USERNAME=Haribabu
OS=Windows_NT
PROCESSOR_IDENTIFIER=Intel64 Family 6 Model 69 Stepping 1, GenuineIntel



---------------  S Y S T E M  ---------------

OS: Windows 10.0 , 64 bit Build 17134 (10.0.17134.1)

CPU:total 4 (2 cores per cpu, 2 threads per core) family 6 model 69 stepping 1, cmov, cx8, fxsr, mmx, sse, sse2, sse3, ssse3, sse4.1, sse4.2, popcnt, avx, avx2, aes, clmul, erms, lzcnt, ht, tsc, tscinvbit, bmi1, bmi2

Memory: 4k page, physical 12461016k(6249656k free), swap 14361560k(4668264k free)

vm_info: Java HotSpot(TM) 64-Bit Server VM (25.73-b02) for windows-amd64 JRE (1.8.0_73-b02), built on Jan 29 2016 17:38:49 by "java_re" with MS VC++ 10.0 (VS2010)

time: Fri Dec 28 00:50:52 2018
elapsed time: 418 seconds (0d 0h 6m 58s)

